<?xml version="1.0" encoding="UTF-8"?>
<!-- Generated by org.testng.reporters.JUnitReportReporter -->
<testsuite skipped="0" hostname="AMAC02W46BEHTD8" name="com.test.file.TestClass" tests="1" failures="0" timestamp="03 May 2020 16:13:18 GMT" time="6.159" errors="0">
  <testcase name="verifyUrl" time="6.159" classname="com.test.file.TestClass"/>
</testsuite> <!-- com.test.file.TestClass -->
