<?xml version="1.0" encoding="UTF-8"?>
<!-- Generated by org.testng.reporters.JUnitReportReporter -->
<testsuite skipped="0" hostname="AMAC02W46BEHTD8" name="com.test.file.APITest" tests="1" failures="0" timestamp="28 Apr 2020 06:45:52 GMT" time="3.905" errors="0">
  <testcase name="verifyLocationCondition" time="3.905" classname="com.test.file.APITest"/>
</testsuite> <!-- com.test.file.APITest -->
