<?xml version="1.0" encoding="UTF-8"?>
<!-- Generated by org.testng.reporters.JUnitReportReporter -->
<testsuite skipped="0" hostname="AMAC02W46BEHTD8" name="com.test.file.TestClass" tests="1" failures="0" timestamp="28 Apr 2020 06:48:18 GMT" time="7.494" errors="0">
  <testcase name="verifyUrl" time="7.494" classname="com.test.file.TestClass"/>
</testsuite> <!-- com.test.file.TestClass -->
