<?xml version="1.0" encoding="UTF-8"?>
<!-- Generated by org.testng.reporters.JUnitReportReporter -->
<testsuite skipped="0" hostname="AMAC02W46BEHTD8" name="com.main.utilty.BaseClass" tests="1" failures="0" timestamp="25 Apr 2020 14:28:07 GMT" time="1.533" errors="0">
  <testcase name="launchScript" time="1.533" classname="com.main.utilty.BaseClass"/>
</testsuite> <!-- com.main.utilty.BaseClass -->
