<?xml version="1.0" encoding="UTF-8"?>
<!-- Generated by org.testng.reporters.JUnitReportReporter -->
<testsuite skipped="0" hostname="AMAC02W46BEHTD8" name="com.test.file.TestClass" tests="1" failures="0" timestamp="31 May 2020 09:42:14 GMT" time="7.605" errors="0">
  <testcase name="verifyUrl" time="7.605" classname="com.test.file.TestClass"/>
</testsuite> <!-- com.test.file.TestClass -->
